[debug] [2017-11-19T22:47:01.516Z] ----------------------------------------------------------------------
[debug] [2017-11-19T22:47:01.521Z] Command:       /usr/local/bin/node /usr/local/bin/firebase deploy
[debug] [2017-11-19T22:47:01.522Z] CLI Version:   3.15.0
[debug] [2017-11-19T22:47:01.522Z] Platform:      darwin
[debug] [2017-11-19T22:47:01.523Z] Node Version:  v6.2.2
[debug] [2017-11-19T22:47:01.523Z] Time:          Sun Nov 19 2017 23:47:01 GMT+0100 (CET)
[debug] [2017-11-19T22:47:01.524Z] ----------------------------------------------------------------------
[debug] 
[debug] [2017-11-19T22:47:01.549Z] > command requires scopes: ["email","openid","https://www.googleapis.com/auth/cloudplatformprojects.readonly","https://www.googleapis.com/auth/firebase","https://www.googleapis.com/auth/cloud-platform"]
[debug] [2017-11-19T22:47:01.549Z] > authorizing via signed-in user
[debug] [2017-11-19T22:47:01.554Z] >>> HTTP REQUEST GET https://admin.firebase.com/v1/projects/getpruf  
 Sun Nov 19 2017 23:47:01 GMT+0100 (CET)
[debug] [2017-11-19T22:47:02.451Z] <<< HTTP RESPONSE 200
[debug] [2017-11-19T22:47:02.455Z] >>> HTTP REQUEST GET https://admin.firebase.com/v1/database/getpruf/tokens  
 Sun Nov 19 2017 23:47:02 GMT+0100 (CET)
[debug] [2017-11-19T22:47:03.392Z] <<< HTTP RESPONSE 200
[info] 
[info] === Deploying to 'getpruf'...
[info] 
[info] i  deploying database, hosting
[info] i  database: checking rules syntax...
[debug] [2017-11-19T22:47:05.330Z] >>> HTTP REQUEST PUT https://getpruf.firebaseio.com/.settings/rules.json?dryRun=true {
  "rules": {
    ".read": "auth != null",
    ".write": "auth != null"
  }
}
 
 Sun Nov 19 2017 23:47:05 GMT+0100 (CET)
[debug] [2017-11-19T22:47:06.096Z] <<< HTTP RESPONSE 200
[info] ✔  database: rules syntax for database getpruf is valid
[info] i  hosting: preparing dist directory for upload...
[debug] [2017-11-19T22:47:10.289Z] >>> HTTP REQUEST PUT https://deploy.firebase.com/v1/hosting/getpruf/uploads/-KzLSfbMv6BAqF6XL2ST?fileCount=44&message=  
 Sun Nov 19 2017 23:47:10 GMT+0100 (CET)
